[0.448s] Invoking command in '/home/soroushkabiri92/hw2_ws/src/dynamic_leader_follower': PYTHONPATH=/home/soroushkabiri92/hw2_ws/build/dynamic_leader_follower/prefix_override:/usr/lib/python3/dist-packages/colcon_core/task/python/colcon_distutils_commands:/home/soroushkabiri92/hw2_ws/install/dynamic_leader_follower/lib/python3.10/site-packages:${PYTHONPATH} /usr/bin/python3 -W ignore:setup.py install is deprecated -W ignore:easy_install command is deprecated setup.py egg_info --egg-base ../../build/dynamic_leader_follower build --build-base /home/soroushkabiri92/hw2_ws/build/dynamic_leader_follower/build install --record /home/soroushkabiri92/hw2_ws/build/dynamic_leader_follower/install.log --single-version-externally-managed install_data
[0.615s] running egg_info
[0.616s] writing ../../build/dynamic_leader_follower/dynamic_leader_follower.egg-info/PKG-INFO
[0.616s] writing dependency_links to ../../build/dynamic_leader_follower/dynamic_leader_follower.egg-info/dependency_links.txt
[0.616s] writing entry points to ../../build/dynamic_leader_follower/dynamic_leader_follower.egg-info/entry_points.txt
[0.616s] writing requirements to ../../build/dynamic_leader_follower/dynamic_leader_follower.egg-info/requires.txt
[0.616s] writing top-level names to ../../build/dynamic_leader_follower/dynamic_leader_follower.egg-info/top_level.txt
[0.617s] reading manifest file '../../build/dynamic_leader_follower/dynamic_leader_follower.egg-info/SOURCES.txt'
[0.618s] writing manifest file '../../build/dynamic_leader_follower/dynamic_leader_follower.egg-info/SOURCES.txt'
[0.618s] running build
[0.618s] running build_py
[0.619s] copying dynamic_leader_follower/turtle_tf2_listener_random_leader.py -> /home/soroushkabiri92/hw2_ws/build/dynamic_leader_follower/build/lib/dynamic_leader_follower
[0.619s] running install
[0.619s] running install_lib
[0.620s] copying /home/soroushkabiri92/hw2_ws/build/dynamic_leader_follower/build/lib/dynamic_leader_follower/turtle_tf2_listener_random_leader.py -> /home/soroushkabiri92/hw2_ws/install/dynamic_leader_follower/lib/python3.10/site-packages/dynamic_leader_follower
[0.621s] byte-compiling /home/soroushkabiri92/hw2_ws/install/dynamic_leader_follower/lib/python3.10/site-packages/dynamic_leader_follower/turtle_tf2_listener_random_leader.py to turtle_tf2_listener_random_leader.cpython-310.pyc
[0.622s] running install_data
[0.622s] running install_egg_info
[0.623s] removing '/home/soroushkabiri92/hw2_ws/install/dynamic_leader_follower/lib/python3.10/site-packages/dynamic_leader_follower-0.0.0-py3.10.egg-info' (and everything under it)
[0.623s] Copying ../../build/dynamic_leader_follower/dynamic_leader_follower.egg-info to /home/soroushkabiri92/hw2_ws/install/dynamic_leader_follower/lib/python3.10/site-packages/dynamic_leader_follower-0.0.0-py3.10.egg-info
[0.624s] running install_scripts
[0.640s] Installing turtle_tf2_broadcaster script to /home/soroushkabiri92/hw2_ws/install/dynamic_leader_follower/lib/dynamic_leader_follower
[0.640s] Installing turtle_tf2_listener script to /home/soroushkabiri92/hw2_ws/install/dynamic_leader_follower/lib/dynamic_leader_follower
[0.640s] Installing turtle_tf2_listener_random_leader script to /home/soroushkabiri92/hw2_ws/install/dynamic_leader_follower/lib/dynamic_leader_follower
[0.641s] writing list of installed files to '/home/soroushkabiri92/hw2_ws/build/dynamic_leader_follower/install.log'
[0.662s] Invoked command in '/home/soroushkabiri92/hw2_ws/src/dynamic_leader_follower' returned '0': PYTHONPATH=/home/soroushkabiri92/hw2_ws/build/dynamic_leader_follower/prefix_override:/usr/lib/python3/dist-packages/colcon_core/task/python/colcon_distutils_commands:/home/soroushkabiri92/hw2_ws/install/dynamic_leader_follower/lib/python3.10/site-packages:${PYTHONPATH} /usr/bin/python3 -W ignore:setup.py install is deprecated -W ignore:easy_install command is deprecated setup.py egg_info --egg-base ../../build/dynamic_leader_follower build --build-base /home/soroushkabiri92/hw2_ws/build/dynamic_leader_follower/build install --record /home/soroushkabiri92/hw2_ws/build/dynamic_leader_follower/install.log --single-version-externally-managed install_data
