/home/soroushkabiri92/hw2_ws/install/dynamic_leader_follower/lib/python3.10/site-packages/dynamic_leader_follower/turtle_tf2_broadcaster.py
/home/soroushkabiri92/hw2_ws/install/dynamic_leader_follower/lib/python3.10/site-packages/dynamic_leader_follower/turtle_tf2_listener.py
/home/soroushkabiri92/hw2_ws/install/dynamic_leader_follower/lib/python3.10/site-packages/dynamic_leader_follower/__init__.py
/home/soroushkabiri92/hw2_ws/install/dynamic_leader_follower/lib/python3.10/site-packages/dynamic_leader_follower/turtle_tf2_listener_random_leader.py
/home/soroushkabiri92/hw2_ws/install/dynamic_leader_follower/lib/python3.10/site-packages/dynamic_leader_follower/__pycache__/turtle_tf2_broadcaster.cpython-310.pyc
/home/soroushkabiri92/hw2_ws/install/dynamic_leader_follower/lib/python3.10/site-packages/dynamic_leader_follower/__pycache__/turtle_tf2_listener.cpython-310.pyc
/home/soroushkabiri92/hw2_ws/install/dynamic_leader_follower/lib/python3.10/site-packages/dynamic_leader_follower/__pycache__/__init__.cpython-310.pyc
/home/soroushkabiri92/hw2_ws/install/dynamic_leader_follower/lib/python3.10/site-packages/dynamic_leader_follower/__pycache__/turtle_tf2_listener_random_leader.cpython-310.pyc
/home/soroushkabiri92/hw2_ws/install/dynamic_leader_follower/share/ament_index/resource_index/packages/dynamic_leader_follower
/home/soroushkabiri92/hw2_ws/install/dynamic_leader_follower/share/dynamic_leader_follower/package.xml
/home/soroushkabiri92/hw2_ws/install/dynamic_leader_follower/share/dynamic_leader_follower/launch/turtle_tf2_demo.launch.py
/home/soroushkabiri92/hw2_ws/install/dynamic_leader_follower/share/dynamic_leader_follower/launch/turtle_tf2_demo_random_leader.launch.py
/home/soroushkabiri92/hw2_ws/install/dynamic_leader_follower/lib/python3.10/site-packages/dynamic_leader_follower-0.0.0-py3.10.egg-info/requires.txt
/home/soroushkabiri92/hw2_ws/install/dynamic_leader_follower/lib/python3.10/site-packages/dynamic_leader_follower-0.0.0-py3.10.egg-info/top_level.txt
/home/soroushkabiri92/hw2_ws/install/dynamic_leader_follower/lib/python3.10/site-packages/dynamic_leader_follower-0.0.0-py3.10.egg-info/SOURCES.txt
/home/soroushkabiri92/hw2_ws/install/dynamic_leader_follower/lib/python3.10/site-packages/dynamic_leader_follower-0.0.0-py3.10.egg-info/entry_points.txt
/home/soroushkabiri92/hw2_ws/install/dynamic_leader_follower/lib/python3.10/site-packages/dynamic_leader_follower-0.0.0-py3.10.egg-info/zip-safe
/home/soroushkabiri92/hw2_ws/install/dynamic_leader_follower/lib/python3.10/site-packages/dynamic_leader_follower-0.0.0-py3.10.egg-info/dependency_links.txt
/home/soroushkabiri92/hw2_ws/install/dynamic_leader_follower/lib/python3.10/site-packages/dynamic_leader_follower-0.0.0-py3.10.egg-info/PKG-INFO
/home/soroushkabiri92/hw2_ws/install/dynamic_leader_follower/lib/dynamic_leader_follower/turtle_tf2_broadcaster
/home/soroushkabiri92/hw2_ws/install/dynamic_leader_follower/lib/dynamic_leader_follower/turtle_tf2_listener
/home/soroushkabiri92/hw2_ws/install/dynamic_leader_follower/lib/dynamic_leader_follower/turtle_tf2_listener_random_leader
